Unity Editor version:    2021.1.22f1 (a137e5fb0427)
Branch:                  2021.1/staging
Build type:              Release
Batch mode:              YES
macOS version:           Version 11.5.2 (Build 20G95)
Darwin version:          20.6.0
Architecture:            x86_64
Running under Rosetta:   YES
Available memory:        8192 MB
Using pre-set license
Pro License: NO
Pro License: NO

COMMAND LINE ARGUMENTS:
/Applications/Unity/Hub/Editor/2021.1.22f1/Unity.app/Contents/MacOS/Unity
-adb2
-batchMode
-noUpm
-name
AssetImportWorker0
-projectPath
/Users/agbi/Dropbox/Mac/Documents/Study/GameDev/Unity/PS
-logFile
Logs/AssetImportWorker0.log
-srvPort
49780
Successfully changed project path to: /Users/agbi/Dropbox/Mac/Documents/Study/GameDev/Unity/PS
/Users/agbi/Dropbox/Mac/Documents/Study/GameDev/Unity/PS
Using Asset Import Pipeline V2.
Refreshing native plugins compatible for Editor in 52.81 ms, found 3 plugins.
Preloading 0 native plugins for Editor in 0.00 ms.
Initialize engine version: 2021.1.22f1 (a137e5fb0427)
[Subsystems] Discovering subsystems at path /Applications/Unity/Hub/Editor/2021.1.22f1/Unity.app/Contents/Resources/UnitySubsystems
[Subsystems] Discovering subsystems at path /Users/agbi/Dropbox/Mac/Documents/Study/GameDev/Unity/PS/Assets
GfxDevice: creating device client; threaded=0; jobified=0
2021-10-13 23:55:31.069 Unity[5220:7810948] (null) preferred device: Apple M1 (high power)
2021-10-13 23:55:31.069 Unity[5220:7810948] Metal devices available: 1
2021-10-13 23:55:31.069 Unity[5220:7810948] 0: Apple M1 (high power)
2021-10-13 23:55:31.069 Unity[5220:7810948] Using device Apple M1 (high power)
Initializing Metal device caps: Apple M1
Initialize mono
Mono path[0] = '/Applications/Unity/Hub/Editor/2021.1.22f1/Unity.app/Contents/Managed'
Mono path[1] = '/Applications/Unity/Hub/Editor/2021.1.22f1/Unity.app/Contents/MonoBleedingEdge/lib/mono/unityjit'
Mono config path = '/Applications/Unity/Hub/Editor/2021.1.22f1/Unity.app/Contents/MonoBleedingEdge/etc'
Using monoOptions --debugger-agent=transport=dt_socket,embedding=1,server=y,suspend=n,address=127.0.0.1:56220
Begin MonoManager ReloadAssembly
Registering precompiled unity dll's ...
Register platform support module: /Applications/Unity/Hub/Editor/2021.1.22f1/Unity.app/Contents/PlaybackEngines/MacStandaloneSupport/UnityEditor.OSXStandalone.Extensions.dll
Register platform support module: /Applications/Unity/Hub/Editor/2021.1.22f1/PlaybackEngines/WindowsStandaloneSupport/UnityEditor.WindowsStandalone.Extensions.dll
Registered in 0.007724 seconds.
Native extension for WindowsStandalone target not found
Native extension for OSXStandalone target not found
Refreshing native plugins compatible for Editor in 41.96 ms, found 3 plugins.
Preloading 0 native plugins for Editor in 0.00 ms.
Mono: successfully reloaded assembly
- Completed reload, in  3.635 seconds
Domain Reload Profiling:
	ReloadAssembly (3636ms)
		BeginReloadAssembly (130ms)
			ExecutionOrderSort (0ms)
			DisableScriptedObjects (0ms)
			BackupInstance (0ms)
			ReleaseScriptingObjects (0ms)
			CreateAndSetChildDomain (4ms)
		EndReloadAssembly (1134ms)
			LoadAssemblies (126ms)
			RebuildTransferFunctionScriptingTraits (0ms)
			SetupTypeCache (249ms)
			ReleaseScriptCaches (0ms)
			RebuildScriptCaches (45ms)
			SetupLoadedEditorAssemblies (670ms)
				LogAssemblyErrors (0ms)
				InitializePlatformSupportModulesInManaged (22ms)
				SetLoadedEditorAssemblies (1ms)
				RefreshPlugins (42ms)
				BeforeProcessingInitializeOnLoad (5ms)
				ProcessInitializeOnLoadAttributes (452ms)
				ProcessInitializeOnLoadMethodAttributes (146ms)
				AfterProcessingInitializeOnLoad (0ms)
				EditorAssembliesLoaded (2ms)
			ExecutionOrderSort2 (0ms)
			AwakeInstancesAfterBackupRestoration (0ms)
Platform modules already initialized, skipping
Registering precompiled user dll's ...
Registered in 0.002733 seconds.
Begin MonoManager ReloadAssembly
Native extension for WindowsStandalone target not found
Native extension for OSXStandalone target not found
Refreshing native plugins compatible for Editor in 44.56 ms, found 3 plugins.
Preloading 0 native plugins for Editor in 0.00 ms.
Mono: successfully reloaded assembly
- Completed reload, in  3.069 seconds
Domain Reload Profiling:
	ReloadAssembly (3071ms)
		BeginReloadAssembly (370ms)
			ExecutionOrderSort (0ms)
			DisableScriptedObjects (49ms)
			BackupInstance (0ms)
			ReleaseScriptingObjects (1ms)
			CreateAndSetChildDomain (54ms)
		EndReloadAssembly (2576ms)
			LoadAssemblies (259ms)
			RebuildTransferFunctionScriptingTraits (0ms)
			SetupTypeCache (427ms)
			ReleaseScriptCaches (1ms)
			RebuildScriptCaches (66ms)
			SetupLoadedEditorAssemblies (1460ms)
				LogAssemblyErrors (0ms)
				InitializePlatformSupportModulesInManaged (16ms)
				SetLoadedEditorAssemblies (1ms)
				RefreshPlugins (45ms)
				BeforeProcessingInitializeOnLoad (122ms)
				ProcessInitializeOnLoadAttributes (1207ms)
				ProcessInitializeOnLoadMethodAttributes (70ms)
				AfterProcessingInitializeOnLoad (1ms)
				EditorAssembliesLoaded (0ms)
			ExecutionOrderSort2 (0ms)
			AwakeInstancesAfterBackupRestoration (39ms)
Platform modules already initialized, skipping
========================================================================
Worker process is ready to serve import requests
Launching external process: /Applications/Unity/Hub/Editor/2021.1.22f1/Unity.app/Contents/Tools/UnityShaderCompiler
Launched and connected shader compiler UnityShaderCompiler after 0.09 seconds
Refreshing native plugins compatible for Editor in 0.43 ms, found 3 plugins.
Preloading 0 native plugins for Editor in 0.00 ms.
Unloading 2141 Unused Serialized files (Serialized files now loaded: 0)
System memory in use before: 201.0 MB.
System memory in use after: 201.1 MB.

Unloading 26 unused Assets to reduce memory usage. Loaded Objects now: 2597.
Total: 4.752875 ms (FindLiveObjects: 0.280416 ms CreateObjectMapping: 0.048542 ms MarkObjects: 4.309500 ms  DeleteObjects: 0.112708 ms)

AssetImportParameters requested are different than current active one (requested -> active):
  custom:video-decoder-ogg-theora: a1e56fd34408186e4bbccfd4996cb3dc -> 
  custom:container-muxer-webm: aa71ff27fc2769a1b78a27578f13a17b -> 
  custom:container-demuxer-webm: 4f35f7cbe854078d1ac9338744f61a02 -> 
  custom:container-demuxer-ogg: 62fdf1f143b41e24485cea50d1cbac27 -> 
  custom:video-encoder-webm-vp8: eb34c28f22e8b96e1ab97ce403110664 -> 
  custom:framework-osx-AVFoundation: e770b220cccbd017edd2c1fefb359320 -> 
  custom:video-decoder-webm-vp8: 9c59270c3fd7afecdb556c50c9e8de78 -> 
  custom:audio-decoder-ogg-vorbis: bf7c407c2cedff20999df2af8eb42d56 -> 
  custom:audio-encoder-webm-vorbis: bf7c407c2cedff20999df2af8eb42d56 -> 
========================================================================
Received Import Request.
  path: Assets/Scenes/1.unity
  artifactKey: Guid(5c97949bfcfe841cc9439ae4e5bcfebe) Importer(815301076,1909f56bfc062723c751e8b465ee728b)
Start importing Assets/Scenes/1.unity using Guid(5c97949bfcfe841cc9439ae4e5bcfebe) Importer(815301076,1909f56bfc062723c751e8b465ee728b)  -> (artifact id: 'b9a0b569627b5c61502869d70bd1c563') in 0.036515 seconds 
========================================================================
Received Import Request.
<<<<<<< Updated upstream
  Time since last request: 80.939427 seconds.
  path: Assets/Scripts/gameManager.cs
  artifactKey: Guid(2232bb244436f4d51b83d3b94188227c) Importer(815301076,1909f56bfc062723c751e8b465ee728b)
Start importing Assets/Scripts/gameManager.cs using Guid(2232bb244436f4d51b83d3b94188227c) Importer(815301076,1909f56bfc062723c751e8b465ee728b)  -> (artifact id: 'd63210e0494c52a2b18c15b439be9300') in 0.458117 seconds 
========================================================================
Received Prepare
Registering precompiled user dll's ...
Registered in 0.001749 seconds.
Begin MonoManager ReloadAssembly
Native extension for OSXStandalone target not found
Refreshing native plugins compatible for Editor in 0.46 ms, found 3 plugins.
Preloading 0 native plugins for Editor in 0.00 ms.
Mono: successfully reloaded assembly
- Completed reload, in  1.152 seconds
Domain Reload Profiling:
	ReloadAssembly (1152ms)
		BeginReloadAssembly (136ms)
			ExecutionOrderSort (0ms)
			DisableScriptedObjects (8ms)
			BackupInstance (0ms)
			ReleaseScriptingObjects (0ms)
			CreateAndSetChildDomain (67ms)
		EndReloadAssembly (944ms)
			LoadAssemblies (74ms)
			RebuildTransferFunctionScriptingTraits (1ms)
			SetupTypeCache (380ms)
			ReleaseScriptCaches (1ms)
			RebuildScriptCaches (58ms)
			SetupLoadedEditorAssemblies (301ms)
				LogAssemblyErrors (0ms)
				InitializePlatformSupportModulesInManaged (5ms)
				SetLoadedEditorAssemblies (0ms)
				RefreshPlugins (0ms)
				BeforeProcessingInitializeOnLoad (42ms)
				ProcessInitializeOnLoadAttributes (241ms)
				ProcessInitializeOnLoadMethodAttributes (10ms)
				AfterProcessingInitializeOnLoad (1ms)
				EditorAssembliesLoaded (0ms)
			ExecutionOrderSort2 (0ms)
			AwakeInstancesAfterBackupRestoration (12ms)
Platform modules already initialized, skipping
Refreshing native plugins compatible for Editor in 0.51 ms, found 3 plugins.
Preloading 0 native plugins for Editor in 0.00 ms.
Unloading 2131 Unused Serialized files (Serialized files now loaded: 0)
System memory in use before: 205.5 MB.
System memory in use after: 205.6 MB.

Unloading 14 unused Assets to reduce memory usage. Loaded Objects now: 2598.
Total: 3.561995 ms (FindLiveObjects: 0.150739 ms CreateObjectMapping: 0.074077 ms MarkObjects: 3.320466 ms  DeleteObjects: 0.015881 ms)

AssetImportParameters requested are different than current active one (requested -> active):
  custom:video-decoder-ogg-theora: a1e56fd34408186e4bbccfd4996cb3dc -> 
  custom:container-muxer-webm: aa71ff27fc2769a1b78a27578f13a17b -> 
  custom:container-demuxer-webm: 4f35f7cbe854078d1ac9338744f61a02 -> 
  custom:container-demuxer-ogg: 62fdf1f143b41e24485cea50d1cbac27 -> 
  custom:video-encoder-webm-vp8: eb34c28f22e8b96e1ab97ce403110664 -> 
  custom:framework-osx-AVFoundation: e770b220cccbd017edd2c1fefb359320 -> 
  custom:video-decoder-webm-vp8: 9c59270c3fd7afecdb556c50c9e8de78 -> 
  custom:audio-decoder-ogg-vorbis: bf7c407c2cedff20999df2af8eb42d56 -> 
  custom:audio-encoder-webm-vorbis: bf7c407c2cedff20999df2af8eb42d56 -> 
========================================================================
Received Import Request.
  Time since last request: 7307.780511 seconds.
  path: Assets/Scripts/gameManager.cs
  artifactKey: Guid(2232bb244436f4d51b83d3b94188227c) Importer(815301076,1909f56bfc062723c751e8b465ee728b)
Start importing Assets/Scripts/gameManager.cs using Guid(2232bb244436f4d51b83d3b94188227c) Importer(815301076,1909f56bfc062723c751e8b465ee728b)  -> (artifact id: '1d17d6e7ba24344e3590d51c726ab247') in 0.007059 seconds 
========================================================================
Received Prepare
Registering precompiled user dll's ...
Registered in 0.005633 seconds.
Begin MonoManager ReloadAssembly
Native extension for OSXStandalone target not found
Refreshing native plugins compatible for Editor in 0.39 ms, found 3 plugins.
Preloading 0 native plugins for Editor in 0.00 ms.
Mono: successfully reloaded assembly
- Completed reload, in  1.115 seconds
Domain Reload Profiling:
	ReloadAssembly (1115ms)
		BeginReloadAssembly (135ms)
			ExecutionOrderSort (0ms)
			DisableScriptedObjects (7ms)
			BackupInstance (0ms)
			ReleaseScriptingObjects (0ms)
			CreateAndSetChildDomain (67ms)
		EndReloadAssembly (913ms)
			LoadAssemblies (71ms)
			RebuildTransferFunctionScriptingTraits (0ms)
			SetupTypeCache (360ms)
			ReleaseScriptCaches (1ms)
			RebuildScriptCaches (60ms)
			SetupLoadedEditorAssemblies (293ms)
				LogAssemblyErrors (0ms)
				InitializePlatformSupportModulesInManaged (4ms)
				SetLoadedEditorAssemblies (0ms)
				RefreshPlugins (0ms)
				BeforeProcessingInitializeOnLoad (42ms)
				ProcessInitializeOnLoadAttributes (234ms)
				ProcessInitializeOnLoadMethodAttributes (10ms)
				AfterProcessingInitializeOnLoad (1ms)
				EditorAssembliesLoaded (0ms)
			ExecutionOrderSort2 (0ms)
			AwakeInstancesAfterBackupRestoration (11ms)
Platform modules already initialized, skipping
Refreshing native plugins compatible for Editor in 0.40 ms, found 3 plugins.
Preloading 0 native plugins for Editor in 0.00 ms.
Unloading 2131 Unused Serialized files (Serialized files now loaded: 0)
System memory in use before: 205.8 MB.
System memory in use after: 205.9 MB.

Unloading 14 unused Assets to reduce memory usage. Loaded Objects now: 2601.
Total: 2.868150 ms (FindLiveObjects: 0.135457 ms CreateObjectMapping: 0.059699 ms MarkObjects: 2.659804 ms  DeleteObjects: 0.012212 ms)

AssetImportParameters requested are different than current active one (requested -> active):
  custom:video-decoder-ogg-theora: a1e56fd34408186e4bbccfd4996cb3dc -> 
  custom:container-muxer-webm: aa71ff27fc2769a1b78a27578f13a17b -> 
  custom:container-demuxer-webm: 4f35f7cbe854078d1ac9338744f61a02 -> 
  custom:container-demuxer-ogg: 62fdf1f143b41e24485cea50d1cbac27 -> 
  custom:video-encoder-webm-vp8: eb34c28f22e8b96e1ab97ce403110664 -> 
  custom:framework-osx-AVFoundation: e770b220cccbd017edd2c1fefb359320 -> 
  custom:video-decoder-webm-vp8: 9c59270c3fd7afecdb556c50c9e8de78 -> 
  custom:audio-decoder-ogg-vorbis: bf7c407c2cedff20999df2af8eb42d56 -> 
  custom:audio-encoder-webm-vorbis: bf7c407c2cedff20999df2af8eb42d56 -> 
========================================================================
Received Import Request.
  Time since last request: 462.718666 seconds.
  path: Assets/Scripts/StartPanel.cs
  artifactKey: Guid(0979155a8df144536aa7232c93cb7edf) Importer(815301076,1909f56bfc062723c751e8b465ee728b)
Start importing Assets/Scripts/StartPanel.cs using Guid(0979155a8df144536aa7232c93cb7edf) Importer(815301076,1909f56bfc062723c751e8b465ee728b)  -> (artifact id: '44f06117289e3390adc23fbc07245ebf') in 0.007987 seconds 
========================================================================
Received Prepare
Registering precompiled user dll's ...
Registered in 0.001580 seconds.
Begin MonoManager ReloadAssembly
Native extension for OSXStandalone target not found
Refreshing native plugins compatible for Editor in 0.38 ms, found 3 plugins.
Preloading 0 native plugins for Editor in 0.00 ms.
Mono: successfully reloaded assembly
- Completed reload, in  1.226 seconds
Domain Reload Profiling:
	ReloadAssembly (1226ms)
		BeginReloadAssembly (144ms)
			ExecutionOrderSort (0ms)
			DisableScriptedObjects (7ms)
			BackupInstance (0ms)
			ReleaseScriptingObjects (0ms)
			CreateAndSetChildDomain (73ms)
		EndReloadAssembly (1012ms)
			LoadAssemblies (88ms)
			RebuildTransferFunctionScriptingTraits (0ms)
			SetupTypeCache (420ms)
			ReleaseScriptCaches (1ms)
			RebuildScriptCaches (68ms)
			SetupLoadedEditorAssemblies (310ms)
				LogAssemblyErrors (0ms)
				InitializePlatformSupportModulesInManaged (4ms)
				SetLoadedEditorAssemblies (0ms)
				RefreshPlugins (0ms)
				BeforeProcessingInitializeOnLoad (42ms)
				ProcessInitializeOnLoadAttributes (251ms)
				ProcessInitializeOnLoadMethodAttributes (10ms)
				AfterProcessingInitializeOnLoad (1ms)
				EditorAssembliesLoaded (0ms)
			ExecutionOrderSort2 (0ms)
			AwakeInstancesAfterBackupRestoration (13ms)
Platform modules already initialized, skipping
Refreshing native plugins compatible for Editor in 0.33 ms, found 3 plugins.
Preloading 0 native plugins for Editor in 0.00 ms.
Unloading 2131 Unused Serialized files (Serialized files now loaded: 0)
System memory in use before: 206.0 MB.
System memory in use after: 206.2 MB.

Unloading 14 unused Assets to reduce memory usage. Loaded Objects now: 2604.
Total: 3.235181 ms (FindLiveObjects: 0.144084 ms CreateObjectMapping: 0.066428 ms MarkObjects: 3.010967 ms  DeleteObjects: 0.012922 ms)

AssetImportParameters requested are different than current active one (requested -> active):
  custom:video-decoder-ogg-theora: a1e56fd34408186e4bbccfd4996cb3dc -> 
  custom:container-muxer-webm: aa71ff27fc2769a1b78a27578f13a17b -> 
  custom:container-demuxer-webm: 4f35f7cbe854078d1ac9338744f61a02 -> 
  custom:container-demuxer-ogg: 62fdf1f143b41e24485cea50d1cbac27 -> 
  custom:video-encoder-webm-vp8: eb34c28f22e8b96e1ab97ce403110664 -> 
  custom:framework-osx-AVFoundation: e770b220cccbd017edd2c1fefb359320 -> 
  custom:video-decoder-webm-vp8: 9c59270c3fd7afecdb556c50c9e8de78 -> 
  custom:audio-decoder-ogg-vorbis: bf7c407c2cedff20999df2af8eb42d56 -> 
  custom:audio-encoder-webm-vorbis: bf7c407c2cedff20999df2af8eb42d56 -> 
========================================================================
Received Import Request.
  Time since last request: 264.869211 seconds.
  path: Assets/Scripts/gameManager.cs
  artifactKey: Guid(2232bb244436f4d51b83d3b94188227c) Importer(815301076,1909f56bfc062723c751e8b465ee728b)
Start importing Assets/Scripts/gameManager.cs using Guid(2232bb244436f4d51b83d3b94188227c) Importer(815301076,1909f56bfc062723c751e8b465ee728b)  -> (artifact id: '1b35ee64e42c9569e6ce09566f567f32') in 0.007914 seconds 
=======
  Time since last request: 0.000296 seconds.
  path: Assets/Scenes/49.unity
  artifactKey: Guid(38f543d63a606466fbf4ffb835447974) Importer(815301076,1909f56bfc062723c751e8b465ee728b)
Start importing Assets/Scenes/49.unity using Guid(38f543d63a606466fbf4ffb835447974) Importer(815301076,1909f56bfc062723c751e8b465ee728b)  -> (artifact id: '93900ea9cebd6940a9a68b48189d1a34') in 0.001571 seconds 
>>>>>>> Stashed changes
